In file included from [01m[K/home/pino/pino_ws/control_service/catkin_ws/src/peripherals_status/src/peripherals_status.cpp:1[m[K:
[01m[K/home/pino/pino_ws/control_service/catkin_ws/src/peripherals_status/include/peripherals_status/peripherals_status.h:67:38:[m[K [01;31m[Kerror: [m[Kexpected identifier before numeric constant
   67 |     std::vector<ros::Time> firstTime([01;31m[K20[m[K);
      |                                      [01;31m[K^~[m[K
[01m[K/home/pino/pino_ws/control_service/catkin_ws/src/peripherals_status/include/peripherals_status/peripherals_status.h:67:38:[m[K [01;31m[Kerror: [m[Kexpected ‘[01m[K,[m[K’ or ‘[01m[K...[m[K’ before numeric constant
[01m[K/home/pino/pino_ws/control_service/catkin_ws/src/peripherals_status/include/peripherals_status/peripherals_status.h:68:37:[m[K [01;31m[Kerror: [m[Kexpected identifier before numeric constant
   68 |     std::vector<ros::Time> lastTime([01;31m[K20[m[K);
      |                                     [01;31m[K^~[m[K
[01m[K/home/pino/pino_ws/control_service/catkin_ws/src/peripherals_status/include/peripherals_status/peripherals_status.h:68:37:[m[K [01;31m[Kerror: [m[Kexpected ‘[01m[K,[m[K’ or ‘[01m[K...[m[K’ before numeric constant
[01m[K/home/pino/pino_ws/control_service/catkin_ws/src/peripherals_status/src/peripherals_status.cpp:[m[K In constructor ‘[01m[KPeripheralsStatus::PeripheralsStatus(const ros::NodeHandle&)[m[K’:
[01m[K/home/pino/pino_ws/control_service/catkin_ws/src/peripherals_status/src/peripherals_status.cpp:11:68:[m[K [01;31m[Kerror: [m[Kinvalid use of non-static member function ‘[01m[Kvoid PeripheralsStatus::FLIR_CallBack(const ConstPtr&)[m[K’
   11 |     FLIR_sub = nh.subscribe("/camera/image", 5, [01;31m[KPeripheralsStatus::FLIR_CallBack[m[K);
      |                                                 [01;31m[K~~~~~~~~~~~~~~~~~~~^~~~~~~~~~~~~[m[K
In file included from [01m[K/home/pino/pino_ws/control_service/catkin_ws/src/peripherals_status/src/peripherals_status.cpp:1[m[K:
[01m[K/home/pino/pino_ws/control_service/catkin_ws/src/peripherals_status/include/peripherals_status/peripherals_status.h:85:10:[m[K [01;36m[Knote: [m[Kdeclared here
   85 |     void [01;36m[KFLIR_CallBack[m[K(const wfov_camera_msgs::WFOVImage::ConstPtr &msg);
      |          [01;36m[K^~~~~~~~~~~~~[m[K
[01m[K/home/pino/pino_ws/control_service/catkin_ws/src/peripherals_status/src/peripherals_status.cpp:12:76:[m[K [01;31m[Kerror: [m[Kinvalid use of non-static member function ‘[01m[Kvoid PeripheralsStatus::D455_CallBack(const ConstPtr&)[m[K’
   12 |     D455_sub = nh.subscribe("/d400/color/image_raw", 5, [01;31m[KPeripheralsStatus::D455_CallBack[m[K);
      |                                                         [01;31m[K~~~~~~~~~~~~~~~~~~~^~~~~~~~~~~~~[m[K
In file included from [01m[K/home/pino/pino_ws/control_service/catkin_ws/src/peripherals_status/src/peripherals_status.cpp:1[m[K:
[01m[K/home/pino/pino_ws/control_service/catkin_ws/src/peripherals_status/include/peripherals_status/peripherals_status.h:87:10:[m[K [01;36m[Knote: [m[Kdeclared here
   87 |     void [01;36m[KD455_CallBack[m[K(const sensor_msgs::Image::ConstPtr &msg);
      |          [01;36m[K^~~~~~~~~~~~~[m[K
[01m[K/home/pino/pino_ws/control_service/catkin_ws/src/peripherals_status/src/peripherals_status.cpp:13:72:[m[K [01;31m[Kerror: [m[Kinvalid use of non-static member function ‘[01m[Kvoid PeripheralsStatus::T265_CallBack(const ConstPtr&)[m[K’
   13 |     T265_sub = nh.subscribe("/t265/odom/sample", 5, [01;31m[KPeripheralsStatus::T265_CallBack[m[K);
      |                                                     [01;31m[K~~~~~~~~~~~~~~~~~~~^~~~~~~~~~~~~[m[K
In file included from [01m[K/home/pino/pino_ws/control_service/catkin_ws/src/peripherals_status/src/peripherals_status.cpp:1[m[K:
[01m[K/home/pino/pino_ws/control_service/catkin_ws/src/peripherals_status/include/peripherals_status/peripherals_status.h:89:10:[m[K [01;36m[Knote: [m[Kdeclared here
   89 |     void [01;36m[KT265_CallBack[m[K(const nav_msgs::Odometry::ConstPtr &msg);
      |          [01;36m[K^~~~~~~~~~~~~[m[K
[01m[K/home/pino/pino_ws/control_service/catkin_ws/src/peripherals_status/src/peripherals_status.cpp:14:90:[m[K [01;31m[Kerror: [m[Kinvalid use of non-static member function ‘[01m[Kvoid PeripheralsStatus::TERABEE_CallBack(const ConstPtr&)[m[K’
   14 |     TERABEE_sub = nh.subscribe(" /mavros/px4flow/ground_distance", 5, [01;31m[KPeripheralsStatus::TERABEE_CallBack[m[K);
      |                                                                       [01;31m[K~~~~~~~~~~~~~~~~~~~^~~~~~~~~~~~~~~~[m[K
In file included from [01m[K/home/pino/pino_ws/control_service/catkin_ws/src/peripherals_status/src/peripherals_status.cpp:1[m[K:
[01m[K/home/pino/pino_ws/control_service/catkin_ws/src/peripherals_status/include/peripherals_status/peripherals_status.h:91:10:[m[K [01;36m[Knote: [m[Kdeclared here
   91 |     void [01;36m[KTERABEE_CallBack[m[K(const sensor_msgs::Range::ConstPtr &msg);
      |          [01;36m[K^~~~~~~~~~~~~~~~[m[K
[01m[K/home/pino/pino_ws/control_service/catkin_ws/src/peripherals_status/src/peripherals_status.cpp:15:80:[m[K [01;31m[Kerror: [m[Kinvalid use of non-static member function ‘[01m[Kvoid PeripheralsStatus::RTK_CallBack(const ConstPtr&)[m[K’
   15 |     RTK_sub = nh.subscribe("/mavros/gpsstatus/gps2/rtk", 5, [01;31m[KPeripheralsStatus::RTK_CallBack[m[K);
      |                                                             [01;31m[K~~~~~~~~~~~~~~~~~~~^~~~~~~~~~~~[m[K
In file included from [01m[K/home/pino/pino_ws/control_service/catkin_ws/src/peripherals_status/src/peripherals_status.cpp:1[m[K:
[01m[K/home/pino/pino_ws/control_service/catkin_ws/src/peripherals_status/include/peripherals_status/peripherals_status.h:93:10:[m[K [01;36m[Knote: [m[Kdeclared here
   93 |     void [01;36m[KRTK_CallBack[m[K(const mavros_msgs::GPSRTK::ConstPtr &msg);
      |          [01;36m[K^~~~~~~~~~~~[m[K
[01m[K/home/pino/pino_ws/control_service/catkin_ws/src/peripherals_status/src/peripherals_status.cpp:16:73:[m[K [01;31m[Kerror: [m[Kinvalid use of non-static member function ‘[01m[Kvoid PeripheralsStatus::FCU_STATE_CallBack(const ConstPtr&)[m[K’
   16 |     FCU_STATE_sub = nh.subscribe("/mavros/state", 5, [01;31m[KPeripheralsStatus::FCU_STATE_CallBack[m[K);
      |                                                      [01;31m[K~~~~~~~~~~~~~~~~~~~^~~~~~~~~~~~~~~~~~[m[K
In file included from [01m[K/home/pino/pino_ws/control_service/catkin_ws/src/peripherals_status/src/peripherals_status.cpp:1[m[K:
[01m[K/home/pino/pino_ws/control_service/catkin_ws/src/peripherals_status/include/peripherals_status/peripherals_status.h:95:10:[m[K [01;36m[Knote: [m[Kdeclared here
   95 |     void [01;36m[KFCU_STATE_CallBack[m[K(const mavros_msgs::State::ConstPtr &msg);
      |          [01;36m[K^~~~~~~~~~~~~~~~~~[m[K
[01m[K/home/pino/pino_ws/control_service/catkin_ws/src/peripherals_status/src/peripherals_status.cpp:17:78:[m[K [01;31m[Kerror: [m[Kinvalid use of non-static member function ‘[01m[Kvoid PeripheralsStatus::FCU_IMU_CallBack(const ConstPtr&)[m[K’
   17 |     FCU_IMU_sub = nh.subscribe("/mavros/imu/data_raw", 5, [01;31m[KPeripheralsStatus::FCU_IMU_CallBack[m[K);
      |                                                           [01;31m[K~~~~~~~~~~~~~~~~~~~^~~~~~~~~~~~~~~~[m[K
In file included from [01m[K/home/pino/pino_ws/control_service/catkin_ws/src/peripherals_status/src/peripherals_status.cpp:1[m[K:
[01m[K/home/pino/pino_ws/control_service/catkin_ws/src/peripherals_status/include/peripherals_status/peripherals_status.h:97:10:[m[K [01;36m[Knote: [m[Kdeclared here
   97 |     void [01;36m[KFCU_IMU_CallBack[m[K(const sensor_msgs::Imu::ConstPtr &msg);
      |          [01;36m[K^~~~~~~~~~~~~~~~[m[K
[01m[K/home/pino/pino_ws/control_service/catkin_ws/src/peripherals_status/src/peripherals_status.cpp:18:78:[m[K [01;31m[Kerror: [m[Kinvalid use of non-static member function ‘[01m[Kvoid PeripheralsStatus::FCU_ODOM_CallBack(const ConstPtr&)[m[K’
   18 |     FCU_ODOM_sub = nh.subscribe("/mavros/odometry/in", 5, [01;31m[KPeripheralsStatus::FCU_ODOM_CallBack[m[K);
      |                                                           [01;31m[K~~~~~~~~~~~~~~~~~~~^~~~~~~~~~~~~~~~~[m[K
In file included from [01m[K/home/pino/pino_ws/control_service/catkin_ws/src/peripherals_status/src/peripherals_status.cpp:1[m[K:
[01m[K/home/pino/pino_ws/control_service/catkin_ws/src/peripherals_status/include/peripherals_status/peripherals_status.h:99:10:[m[K [01;36m[Knote: [m[Kdeclared here
   99 |     void [01;36m[KFCU_ODOM_CallBack[m[K(const nav_msgs::Odometry::ConstPtr &msg);
      |          [01;36m[K^~~~~~~~~~~~~~~~~[m[K
[01m[K/home/pino/pino_ws/control_service/catkin_ws/src/peripherals_status/src/peripherals_status.cpp:19:73:[m[K [01;31m[Kerror: [m[Kinvalid use of non-static member function ‘[01m[Kvoid PeripheralsStatus::FCU_MAG_CallBack(const ConstPtr&)[m[K’
   19 |     FCU_MAG_sub = nh.subscribe("/mavros/imu/mag", 5, [01;31m[KPeripheralsStatus::FCU_MAG_CallBack[m[K);
      |                                                      [01;31m[K~~~~~~~~~~~~~~~~~~~^~~~~~~~~~~~~~~~[m[K
In file included from [01m[K/home/pino/pino_ws/control_service/catkin_ws/src/peripherals_status/src/peripherals_status.cpp:1[m[K:
[01m[K/home/pino/pino_ws/control_service/catkin_ws/src/peripherals_status/include/peripherals_status/peripherals_status.h:101:10:[m[K [01;36m[Knote: [m[Kdeclared here
  101 |     void [01;36m[KFCU_MAG_CallBack[m[K(const sensor_msgs::MagneticField::ConstPtr &msg);
      |          [01;36m[K^~~~~~~~~~~~~~~~[m[K
[01m[K/home/pino/pino_ws/control_service/catkin_ws/src/peripherals_status/src/peripherals_status.cpp:20:86:[m[K [01;31m[Kerror: [m[Kinvalid use of non-static member function ‘[01m[Kvoid PeripheralsStatus::FCU_PRES_CallBack(const ConstPtr&)[m[K’
   20 |     FCU_PRES_sub = nh.subscribe("/mavros/imu/static_pressure", 5, [01;31m[KPeripheralsStatus::FCU_PRES_CallBack[m[K);
      |                                                                   [01;31m[K~~~~~~~~~~~~~~~~~~~^~~~~~~~~~~~~~~~~[m[K
In file included from [01m[K/home/pino/pino_ws/control_service/catkin_ws/src/peripherals_status/src/peripherals_status.cpp:1[m[K:
[01m[K/home/pino/pino_ws/control_service/catkin_ws/src/peripherals_status/include/peripherals_status/peripherals_status.h:103:10:[m[K [01;36m[Knote: [m[Kdeclared here
  103 |     void [01;36m[KFCU_PRES_CallBack[m[K(const sensor_msgs::FluidPressure::ConstPtr &msg);
      |          [01;36m[K^~~~~~~~~~~~~~~~~[m[K
[01m[K/home/pino/pino_ws/control_service/catkin_ws/src/peripherals_status/src/peripherals_status.cpp:21:73:[m[K [01;31m[Kerror: [m[Kinvalid use of non-static member function ‘[01m[Kvoid PeripheralsStatus::FCU_BAT_CallBack(const ConstPtr&)[m[K’
   21 |     FCU_BAT_sub = nh.subscribe("/mavros/battery", 5, [01;31m[KPeripheralsStatus::FCU_BAT_CallBack[m[K);
      |                                                      [01;31m[K~~~~~~~~~~~~~~~~~~~^~~~~~~~~~~~~~~~[m[K
In file included from [01m[K/home/pino/pino_ws/control_service/catkin_ws/src/peripherals_status/src/peripherals_status.cpp:1[m[K:
[01m[K/home/pino/pino_ws/control_service/catkin_ws/src/peripherals_status/include/peripherals_status/peripherals_status.h:105:10:[m[K [01;36m[Knote: [m[Kdeclared here
  105 |     void [01;36m[KFCU_BAT_CallBack[m[K(const sensor_msgs::BatteryState::ConstPtr &msg);
      |          [01;36m[K^~~~~~~~~~~~~~~~[m[K
[01m[K/home/pino/pino_ws/control_service/catkin_ws/src/peripherals_status/src/peripherals_status.cpp:22:87:[m[K [01;31m[Kerror: [m[Kinvalid use of non-static member function ‘[01m[Kvoid PeripheralsStatus::FCU_GPS_CallBack(const ConstPtr&)[m[K’
   22 |     FCU_GPS_sub = nh.subscribe(" /mavros/gps_input/gps_input ", 5, [01;31m[KPeripheralsStatus::FCU_GPS_CallBack[m[K);
      |                                                                    [01;31m[K~~~~~~~~~~~~~~~~~~~^~~~~~~~~~~~~~~~[m[K
In file included from [01m[K/home/pino/pino_ws/control_service/catkin_ws/src/peripherals_status/src/peripherals_status.cpp:1[m[K:
[01m[K/home/pino/pino_ws/control_service/catkin_ws/src/peripherals_status/include/peripherals_status/peripherals_status.h:107:10:[m[K [01;36m[Knote: [m[Kdeclared here
  107 |     void [01;36m[KFCU_GPS_CallBack[m[K(const mavros_msgs::GPSINPUT::ConstPtr &msg);
      |          [01;36m[K^~~~~~~~~~~~~~~~[m[K
[01m[K/home/pino/pino_ws/control_service/catkin_ws/src/peripherals_status/src/peripherals_status.cpp:[m[K In member function ‘[01m[Kint PeripheralsStatus::timeStatus(int)[m[K’:
[01m[K/home/pino/pino_ws/control_service/catkin_ws/src/peripherals_status/src/peripherals_status.cpp:158:104:[m[K [01;31m[Kerror: [m[Kinvalid types ‘[01m[K<unresolved overloaded function type>[const int][m[K’ for array subscript
  158 |     ros::Duration timeSinceLastImage = ros::Time::now() - PeripheralsStatus::lastTime[_peripheral_index[01;31m[K][m[K;
      |                                                                                                        [01;31m[K^[m[K
[01m[K/home/pino/pino_ws/control_service/catkin_ws/src/peripherals_status/src/peripherals_status.cpp:162:106:[m[K [01;31m[Kerror: [m[Kinvalid types ‘[01m[K<unresolved overloaded function type>[const int][m[K’ for array subscript
  162 |     ros::Duration timeSinceFirstImage = ros::Time::now() - PeripheralsStatus::firstTime[_peripheral_index[01;31m[K][m[K;
      |                                                                                                          [01;31m[K^[m[K
[01m[K/home/pino/pino_ws/control_service/catkin_ws/src/peripherals_status/src/peripherals_status.cpp:[m[K In member function ‘[01m[Kint PeripheralsStatus::FLIR_exist(const ConstPtr&)[m[K’:
[01m[K/home/pino/pino_ws/control_service/catkin_ws/src/peripherals_status/src/peripherals_status.cpp:172:1:[m[K [01;35m[Kwarning: [m[Kno return statement in function returning non-void [[01;35m[K-Wreturn-type[m[K]
  172 | [01;35m[K}[m[K
      | [01;35m[K^[m[K
[01m[K/home/pino/pino_ws/control_service/catkin_ws/src/peripherals_status/src/peripherals_status.cpp:[m[K In member function ‘[01m[Kint PeripheralsStatus::D455_exist(const ConstPtr&)[m[K’:
[01m[K/home/pino/pino_ws/control_service/catkin_ws/src/peripherals_status/src/peripherals_status.cpp:176:1:[m[K [01;35m[Kwarning: [m[Kno return statement in function returning non-void [[01;35m[K-Wreturn-type[m[K]
  176 | [01;35m[K}[m[K
      | [01;35m[K^[m[K
[01m[K/home/pino/pino_ws/control_service/catkin_ws/src/peripherals_status/src/peripherals_status.cpp:[m[K In member function ‘[01m[Kint PeripheralsStatus::T265_exist(const ConstPtr&)[m[K’:
[01m[K/home/pino/pino_ws/control_service/catkin_ws/src/peripherals_status/src/peripherals_status.cpp:180:1:[m[K [01;35m[Kwarning: [m[Kno return statement in function returning non-void [[01;35m[K-Wreturn-type[m[K]
  180 | [01;35m[K}[m[K
      | [01;35m[K^[m[K
[01m[K/home/pino/pino_ws/control_service/catkin_ws/src/peripherals_status/src/peripherals_status.cpp:[m[K In member function ‘[01m[Kint PeripheralsStatus::TERABEE_exist(const ConstPtr&)[m[K’:
[01m[K/home/pino/pino_ws/control_service/catkin_ws/src/peripherals_status/src/peripherals_status.cpp:184:1:[m[K [01;35m[Kwarning: [m[Kno return statement in function returning non-void [[01;35m[K-Wreturn-type[m[K]
  184 | [01;35m[K}[m[K
      | [01;35m[K^[m[K
[01m[K/home/pino/pino_ws/control_service/catkin_ws/src/peripherals_status/src/peripherals_status.cpp:[m[K In member function ‘[01m[Kint PeripheralsStatus::RTK_exist(const ConstPtr&)[m[K’:
[01m[K/home/pino/pino_ws/control_service/catkin_ws/src/peripherals_status/src/peripherals_status.cpp:188:1:[m[K [01;35m[Kwarning: [m[Kno return statement in function returning non-void [[01;35m[K-Wreturn-type[m[K]
  188 | [01;35m[K}[m[K
      | [01;35m[K^[m[K
[01m[K/home/pino/pino_ws/control_service/catkin_ws/src/peripherals_status/src/peripherals_status.cpp:[m[K In member function ‘[01m[Kint PeripheralsStatus::FCU_STATE_exist(const ConstPtr&)[m[K’:
[01m[K/home/pino/pino_ws/control_service/catkin_ws/src/peripherals_status/src/peripherals_status.cpp:192:1:[m[K [01;35m[Kwarning: [m[Kno return statement in function returning non-void [[01;35m[K-Wreturn-type[m[K]
  192 | [01;35m[K}[m[K
      | [01;35m[K^[m[K
[01m[K/home/pino/pino_ws/control_service/catkin_ws/src/peripherals_status/src/peripherals_status.cpp:[m[K In member function ‘[01m[Kint PeripheralsStatus::FCU_IMU_exist(const ConstPtr&)[m[K’:
[01m[K/home/pino/pino_ws/control_service/catkin_ws/src/peripherals_status/src/peripherals_status.cpp:196:1:[m[K [01;35m[Kwarning: [m[Kno return statement in function returning non-void [[01;35m[K-Wreturn-type[m[K]
  196 | [01;35m[K}[m[K
      | [01;35m[K^[m[K
[01m[K/home/pino/pino_ws/control_service/catkin_ws/src/peripherals_status/src/peripherals_status.cpp:[m[K In member function ‘[01m[Kint PeripheralsStatus::FCU_ODOM_exist(const ConstPtr&)[m[K’:
[01m[K/home/pino/pino_ws/control_service/catkin_ws/src/peripherals_status/src/peripherals_status.cpp:200:1:[m[K [01;35m[Kwarning: [m[Kno return statement in function returning non-void [[01;35m[K-Wreturn-type[m[K]
  200 | [01;35m[K}[m[K
      | [01;35m[K^[m[K
[01m[K/home/pino/pino_ws/control_service/catkin_ws/src/peripherals_status/src/peripherals_status.cpp:[m[K In member function ‘[01m[Kint PeripheralsStatus::FCU_MAG_exist(const ConstPtr&)[m[K’:
[01m[K/home/pino/pino_ws/control_service/catkin_ws/src/peripherals_status/src/peripherals_status.cpp:204:1:[m[K [01;35m[Kwarning: [m[Kno return statement in function returning non-void [[01;35m[K-Wreturn-type[m[K]
  204 | [01;35m[K}[m[K
      | [01;35m[K^[m[K
[01m[K/home/pino/pino_ws/control_service/catkin_ws/src/peripherals_status/src/peripherals_status.cpp:[m[K In member function ‘[01m[Kint PeripheralsStatus::FCU_PRES_exist(const ConstPtr&)[m[K’:
[01m[K/home/pino/pino_ws/control_service/catkin_ws/src/peripherals_status/src/peripherals_status.cpp:208:1:[m[K [01;35m[Kwarning: [m[Kno return statement in function returning non-void [[01;35m[K-Wreturn-type[m[K]
  208 | [01;35m[K}[m[K
      | [01;35m[K^[m[K
[01m[K/home/pino/pino_ws/control_service/catkin_ws/src/peripherals_status/src/peripherals_status.cpp:[m[K In member function ‘[01m[Kint PeripheralsStatus::FCU_BAT_exist(const ConstPtr&)[m[K’:
[01m[K/home/pino/pino_ws/control_service/catkin_ws/src/peripherals_status/src/peripherals_status.cpp:212:1:[m[K [01;35m[Kwarning: [m[Kno return statement in function returning non-void [[01;35m[K-Wreturn-type[m[K]
  212 | [01;35m[K}[m[K
      | [01;35m[K^[m[K
[01m[K/home/pino/pino_ws/control_service/catkin_ws/src/peripherals_status/src/peripherals_status.cpp:[m[K In member function ‘[01m[Kint PeripheralsStatus::FCU_GPS_exist(const ConstPtr&)[m[K’:
[01m[K/home/pino/pino_ws/control_service/catkin_ws/src/peripherals_status/src/peripherals_status.cpp:216:1:[m[K [01;35m[Kwarning: [m[Kno return statement in function returning non-void [[01;35m[K-Wreturn-type[m[K]
  216 | [01;35m[K}[m[K
      | [01;35m[K^[m[K
make[2]: *** [CMakeFiles/peripherals_status.dir/build.make:63: CMakeFiles/peripherals_status.dir/src/peripherals_status.cpp.o] Error 1
make[1]: *** [CMakeFiles/Makefile2:576: CMakeFiles/peripherals_status.dir/all] Error 2
make: *** [Makefile:141: all] Error 2
