[01m[K/home/pino/pino_ws/control_service/catkin_ws/src/peripherals_status/src/peripherals_status.cpp:[m[K In member function ‘[01m[Kvoid PeripheralsStatus::FLIR_CallBack(const ConstPtr&)[m[K’:
[01m[K/home/pino/pino_ws/control_service/catkin_ws/src/peripherals_status/src/peripherals_status.cpp:86:43:[m[K [01;31m[Kerror: [m[Kreturn-statement with a value, in function returning ‘[01m[Kvoid[m[K’ [[01;31m[K-fpermissive[m[K]
   86 |     return device_exist(*msg, DEVICE::FLIR[01;31m[K)[m[K;
      |                                           [01;31m[K^[m[K
[01m[K/home/pino/pino_ws/control_service/catkin_ws/src/peripherals_status/src/peripherals_status.cpp:[m[K In member function ‘[01m[Kint PeripheralsStatus::FLIR_exist(const ConstPtr&)[m[K’:
[01m[K/home/pino/pino_ws/control_service/catkin_ws/src/peripherals_status/src/peripherals_status.cpp:228:1:[m[K [01;35m[Kwarning: [m[Kno return statement in function returning non-void [[01;35m[K-Wreturn-type[m[K]
  228 | [01;35m[K}[m[K
      | [01;35m[K^[m[K
[01m[K/home/pino/pino_ws/control_service/catkin_ws/src/peripherals_status/src/peripherals_status.cpp:[m[K In member function ‘[01m[Kint PeripheralsStatus::D455_exist(const ConstPtr&)[m[K’:
[01m[K/home/pino/pino_ws/control_service/catkin_ws/src/peripherals_status/src/peripherals_status.cpp:232:1:[m[K [01;35m[Kwarning: [m[Kno return statement in function returning non-void [[01;35m[K-Wreturn-type[m[K]
  232 | [01;35m[K}[m[K
      | [01;35m[K^[m[K
[01m[K/home/pino/pino_ws/control_service/catkin_ws/src/peripherals_status/src/peripherals_status.cpp:[m[K In member function ‘[01m[Kint PeripheralsStatus::T265_exist(const ConstPtr&)[m[K’:
[01m[K/home/pino/pino_ws/control_service/catkin_ws/src/peripherals_status/src/peripherals_status.cpp:236:1:[m[K [01;35m[Kwarning: [m[Kno return statement in function returning non-void [[01;35m[K-Wreturn-type[m[K]
  236 | [01;35m[K}[m[K
      | [01;35m[K^[m[K
[01m[K/home/pino/pino_ws/control_service/catkin_ws/src/peripherals_status/src/peripherals_status.cpp:[m[K In member function ‘[01m[Kint PeripheralsStatus::TERABEE_exist(const ConstPtr&)[m[K’:
[01m[K/home/pino/pino_ws/control_service/catkin_ws/src/peripherals_status/src/peripherals_status.cpp:240:1:[m[K [01;35m[Kwarning: [m[Kno return statement in function returning non-void [[01;35m[K-Wreturn-type[m[K]
  240 | [01;35m[K}[m[K
      | [01;35m[K^[m[K
[01m[K/home/pino/pino_ws/control_service/catkin_ws/src/peripherals_status/src/peripherals_status.cpp:[m[K In member function ‘[01m[Kint PeripheralsStatus::RTK_exist(const ConstPtr&)[m[K’:
[01m[K/home/pino/pino_ws/control_service/catkin_ws/src/peripherals_status/src/peripherals_status.cpp:244:1:[m[K [01;35m[Kwarning: [m[Kno return statement in function returning non-void [[01;35m[K-Wreturn-type[m[K]
  244 | [01;35m[K}[m[K
      | [01;35m[K^[m[K
[01m[K/home/pino/pino_ws/control_service/catkin_ws/src/peripherals_status/src/peripherals_status.cpp:[m[K In member function ‘[01m[Kint PeripheralsStatus::FCU_STATE_exist(const ConstPtr&)[m[K’:
[01m[K/home/pino/pino_ws/control_service/catkin_ws/src/peripherals_status/src/peripherals_status.cpp:248:1:[m[K [01;35m[Kwarning: [m[Kno return statement in function returning non-void [[01;35m[K-Wreturn-type[m[K]
  248 | [01;35m[K}[m[K
      | [01;35m[K^[m[K
[01m[K/home/pino/pino_ws/control_service/catkin_ws/src/peripherals_status/src/peripherals_status.cpp:[m[K In member function ‘[01m[Kint PeripheralsStatus::FCU_IMU_exist(const ConstPtr&)[m[K’:
[01m[K/home/pino/pino_ws/control_service/catkin_ws/src/peripherals_status/src/peripherals_status.cpp:252:1:[m[K [01;35m[Kwarning: [m[Kno return statement in function returning non-void [[01;35m[K-Wreturn-type[m[K]
  252 | [01;35m[K}[m[K
      | [01;35m[K^[m[K
[01m[K/home/pino/pino_ws/control_service/catkin_ws/src/peripherals_status/src/peripherals_status.cpp:[m[K In member function ‘[01m[Kint PeripheralsStatus::FCU_ODOM_exist(const ConstPtr&)[m[K’:
[01m[K/home/pino/pino_ws/control_service/catkin_ws/src/peripherals_status/src/peripherals_status.cpp:256:1:[m[K [01;35m[Kwarning: [m[Kno return statement in function returning non-void [[01;35m[K-Wreturn-type[m[K]
  256 | [01;35m[K}[m[K
      | [01;35m[K^[m[K
[01m[K/home/pino/pino_ws/control_service/catkin_ws/src/peripherals_status/src/peripherals_status.cpp:[m[K In member function ‘[01m[Kint PeripheralsStatus::FCU_MAG_exist(const ConstPtr&)[m[K’:
[01m[K/home/pino/pino_ws/control_service/catkin_ws/src/peripherals_status/src/peripherals_status.cpp:260:1:[m[K [01;35m[Kwarning: [m[Kno return statement in function returning non-void [[01;35m[K-Wreturn-type[m[K]
  260 | [01;35m[K}[m[K
      | [01;35m[K^[m[K
[01m[K/home/pino/pino_ws/control_service/catkin_ws/src/peripherals_status/src/peripherals_status.cpp:[m[K In member function ‘[01m[Kint PeripheralsStatus::FCU_PRES_exist(const ConstPtr&)[m[K’:
[01m[K/home/pino/pino_ws/control_service/catkin_ws/src/peripherals_status/src/peripherals_status.cpp:264:1:[m[K [01;35m[Kwarning: [m[Kno return statement in function returning non-void [[01;35m[K-Wreturn-type[m[K]
  264 | [01;35m[K}[m[K
      | [01;35m[K^[m[K
[01m[K/home/pino/pino_ws/control_service/catkin_ws/src/peripherals_status/src/peripherals_status.cpp:[m[K In member function ‘[01m[Kint PeripheralsStatus::FCU_BAT_exist(const ConstPtr&)[m[K’:
[01m[K/home/pino/pino_ws/control_service/catkin_ws/src/peripherals_status/src/peripherals_status.cpp:268:1:[m[K [01;35m[Kwarning: [m[Kno return statement in function returning non-void [[01;35m[K-Wreturn-type[m[K]
  268 | [01;35m[K}[m[K
      | [01;35m[K^[m[K
[01m[K/home/pino/pino_ws/control_service/catkin_ws/src/peripherals_status/src/peripherals_status.cpp:[m[K In member function ‘[01m[Kint PeripheralsStatus::FCU_GPS_exist(const ConstPtr&)[m[K’:
[01m[K/home/pino/pino_ws/control_service/catkin_ws/src/peripherals_status/src/peripherals_status.cpp:272:1:[m[K [01;35m[Kwarning: [m[Kno return statement in function returning non-void [[01;35m[K-Wreturn-type[m[K]
  272 | [01;35m[K}[m[K
      | [01;35m[K^[m[K
/home/pino/pino_ws/control_service/catkin_ws/src/peripherals_status/src/peripherals_status.cpp: In instantiation of ‘[01m[Kint PeripheralsStatus::device_exist(message, int) [with message = wfov_camera_msgs::WFOVImage_<std::allocator<void> >][m[K’:
[01m[K/home/pino/pino_ws/control_service/catkin_ws/src/peripherals_status/src/peripherals_status.cpp:86:43:[m[K   required from here
[01m[K/home/pino/pino_ws/control_service/catkin_ws/src/peripherals_status/src/peripherals_status.cpp:143:46:[m[K [01;31m[Kerror: [m[Kcannot convert ‘[01m[Kwfov_camera_msgs::WFOVImage_<std::allocator<void> >[m[K’ to ‘[01m[Kconst ConstPtr&[m[K’ {aka ‘[01m[Kconst boost::shared_ptr<const wfov_camera_msgs::WFOVImage_<std::allocator<void> > >&[m[K’}
  143 |         return PeripheralsStatus::FLIR_exist([01;31m[K_msg[m[K);
      |                                              [01;31m[K^~~~[m[K
      |                                              [01;31m[K|[m[K
      |                                              [01;31m[Kwfov_camera_msgs::WFOVImage_<std::allocator<void> >[m[K
[01m[K/home/pino/pino_ws/control_service/catkin_ws/src/peripherals_status/src/peripherals_status.cpp:225:80:[m[K [01;36m[Knote: [m[K  initializing argument 1 of ‘[01m[Kint PeripheralsStatus::FLIR_exist(const ConstPtr&)[m[K’
  225 | int PeripheralsStatus::FLIR_exist([01;36m[Kconst wfov_camera_msgs::WFOVImage::ConstPtr &msg[m[K)
      |                                   [01;36m[K~~~~~~~~~~~~~~~~~~~~~~~~~~~~~~~~~~~~~~~~~~~~~^~~[m[K
[01m[K/home/pino/pino_ws/control_service/catkin_ws/src/peripherals_status/src/peripherals_status.cpp:147:46:[m[K [01;31m[Kerror: [m[Kcannot convert ‘[01m[Kwfov_camera_msgs::WFOVImage_<std::allocator<void> >[m[K’ to ‘[01m[Kconst ConstPtr&[m[K’ {aka ‘[01m[Kconst boost::shared_ptr<const sensor_msgs::Image_<std::allocator<void> > >&[m[K’}
  147 |         return PeripheralsStatus::D455_exist([01;31m[K_msg[m[K);
      |                                              [01;31m[K^~~~[m[K
      |                                              [01;31m[K|[m[K
      |                                              [01;31m[Kwfov_camera_msgs::WFOVImage_<std::allocator<void> >[m[K
[01m[K/home/pino/pino_ws/control_service/catkin_ws/src/peripherals_status/src/peripherals_status.cpp:230:71:[m[K [01;36m[Knote: [m[K  initializing argument 1 of ‘[01m[Kint PeripheralsStatus::D455_exist(const ConstPtr&)[m[K’
  230 | int PeripheralsStatus::D455_exist([01;36m[Kconst sensor_msgs::Image::ConstPtr &msg[m[K)
      |                                   [01;36m[K~~~~~~~~~~~~~~~~~~~~~~~~~~~~~~~~~~~~^~~[m[K
[01m[K/home/pino/pino_ws/control_service/catkin_ws/src/peripherals_status/src/peripherals_status.cpp:151:46:[m[K [01;31m[Kerror: [m[Kcannot convert ‘[01m[Kwfov_camera_msgs::WFOVImage_<std::allocator<void> >[m[K’ to ‘[01m[Kconst ConstPtr&[m[K’ {aka ‘[01m[Kconst boost::shared_ptr<const nav_msgs::Odometry_<std::allocator<void> > >&[m[K’}
  151 |         return PeripheralsStatus::T265_exist([01;31m[K_msg[m[K);
      |                                              [01;31m[K^~~~[m[K
      |                                              [01;31m[K|[m[K
      |                                              [01;31m[Kwfov_camera_msgs::WFOVImage_<std::allocator<void> >[m[K
[01m[K/home/pino/pino_ws/control_service/catkin_ws/src/peripherals_status/src/peripherals_status.cpp:234:71:[m[K [01;36m[Knote: [m[K  initializing argument 1 of ‘[01m[Kint PeripheralsStatus::T265_exist(const ConstPtr&)[m[K’
  234 | int PeripheralsStatus::T265_exist([01;36m[Kconst nav_msgs::Odometry::ConstPtr &msg[m[K)
      |                                   [01;36m[K~~~~~~~~~~~~~~~~~~~~~~~~~~~~~~~~~~~~^~~[m[K
[01m[K/home/pino/pino_ws/control_service/catkin_ws/src/peripherals_status/src/peripherals_status.cpp:159:49:[m[K [01;31m[Kerror: [m[Kcannot convert ‘[01m[Kwfov_camera_msgs::WFOVImage_<std::allocator<void> >[m[K’ to ‘[01m[Kconst ConstPtr&[m[K’ {aka ‘[01m[Kconst boost::shared_ptr<const sensor_msgs::Range_<std::allocator<void> > >&[m[K’}
  159 |         return PeripheralsStatus::TERABEE_exist([01;31m[K_msg[m[K);
      |                                                 [01;31m[K^~~~[m[K
      |                                                 [01;31m[K|[m[K
      |                                                 [01;31m[Kwfov_camera_msgs::WFOVImage_<std::allocator<void> >[m[K
[01m[K/home/pino/pino_ws/control_service/catkin_ws/src/peripherals_status/src/peripherals_status.cpp:238:74:[m[K [01;36m[Knote: [m[K  initializing argument 1 of ‘[01m[Kint PeripheralsStatus::TERABEE_exist(const ConstPtr&)[m[K’
  238 | int PeripheralsStatus::TERABEE_exist([01;36m[Kconst sensor_msgs::Range::ConstPtr &msg[m[K)
      |                                      [01;36m[K~~~~~~~~~~~~~~~~~~~~~~~~~~~~~~~~~~~~^~~[m[K
[01m[K/home/pino/pino_ws/control_service/catkin_ws/src/peripherals_status/src/peripherals_status.cpp:163:45:[m[K [01;31m[Kerror: [m[Kcannot convert ‘[01m[Kwfov_camera_msgs::WFOVImage_<std::allocator<void> >[m[K’ to ‘[01m[Kconst ConstPtr&[m[K’ {aka ‘[01m[Kconst boost::shared_ptr<const mavros_msgs::GPSRTK_<std::allocator<void> > >&[m[K’}
  163 |         return PeripheralsStatus::RTK_exist([01;31m[K_msg[m[K);
      |                                             [01;31m[K^~~~[m[K
      |                                             [01;31m[K|[m[K
      |                                             [01;31m[Kwfov_camera_msgs::WFOVImage_<std::allocator<void> >[m[K
[01m[K/home/pino/pino_ws/control_service/catkin_ws/src/peripherals_status/src/peripherals_status.cpp:242:71:[m[K [01;36m[Knote: [m[K  initializing argument 1 of ‘[01m[Kint PeripheralsStatus::RTK_exist(const ConstPtr&)[m[K’
  242 | int PeripheralsStatus::RTK_exist([01;36m[Kconst mavros_msgs::GPSRTK::ConstPtr &msg[m[K)
      |                                  [01;36m[K~~~~~~~~~~~~~~~~~~~~~~~~~~~~~~~~~~~~~^~~[m[K
[01m[K/home/pino/pino_ws/control_service/catkin_ws/src/peripherals_status/src/peripherals_status.cpp:167:51:[m[K [01;31m[Kerror: [m[Kcannot convert ‘[01m[Kwfov_camera_msgs::WFOVImage_<std::allocator<void> >[m[K’ to ‘[01m[Kconst ConstPtr&[m[K’ {aka ‘[01m[Kconst boost::shared_ptr<const mavros_msgs::State_<std::allocator<void> > >&[m[K’}
  167 |         return PeripheralsStatus::FCU_STATE_exist([01;31m[K_msg[m[K);
      |                                                   [01;31m[K^~~~[m[K
      |                                                   [01;31m[K|[m[K
      |                                                   [01;31m[Kwfov_camera_msgs::WFOVImage_<std::allocator<void> >[m[K
[01m[K/home/pino/pino_ws/control_service/catkin_ws/src/peripherals_status/src/peripherals_status.cpp:246:76:[m[K [01;36m[Knote: [m[K  initializing argument 1 of ‘[01m[Kint PeripheralsStatus::FCU_STATE_exist(const ConstPtr&)[m[K’
  246 | int PeripheralsStatus::FCU_STATE_exist([01;36m[Kconst mavros_msgs::State::ConstPtr &msg[m[K)
      |                                        [01;36m[K~~~~~~~~~~~~~~~~~~~~~~~~~~~~~~~~~~~~^~~[m[K
[01m[K/home/pino/pino_ws/control_service/catkin_ws/src/peripherals_status/src/peripherals_status.cpp:171:49:[m[K [01;31m[Kerror: [m[Kcannot convert ‘[01m[Kwfov_camera_msgs::WFOVImage_<std::allocator<void> >[m[K’ to ‘[01m[Kconst ConstPtr&[m[K’ {aka ‘[01m[Kconst boost::shared_ptr<const sensor_msgs::Imu_<std::allocator<void> > >&[m[K’}
  171 |         return PeripheralsStatus::FCU_IMU_exist([01;31m[K_msg[m[K);
      |                                                 [01;31m[K^~~~[m[K
      |                                                 [01;31m[K|[m[K
      |                                                 [01;31m[Kwfov_camera_msgs::WFOVImage_<std::allocator<void> >[m[K
[01m[K/home/pino/pino_ws/control_service/catkin_ws/src/peripherals_status/src/peripherals_status.cpp:250:72:[m[K [01;36m[Knote: [m[K  initializing argument 1 of ‘[01m[Kint PeripheralsStatus::FCU_IMU_exist(const ConstPtr&)[m[K’
  250 | int PeripheralsStatus::FCU_IMU_exist([01;36m[Kconst sensor_msgs::Imu::ConstPtr &msg[m[K)
      |                                      [01;36m[K~~~~~~~~~~~~~~~~~~~~~~~~~~~~~~~~~~^~~[m[K
[01m[K/home/pino/pino_ws/control_service/catkin_ws/src/peripherals_status/src/peripherals_status.cpp:175:50:[m[K [01;31m[Kerror: [m[Kcannot convert ‘[01m[Kwfov_camera_msgs::WFOVImage_<std::allocator<void> >[m[K’ to ‘[01m[Kconst ConstPtr&[m[K’ {aka ‘[01m[Kconst boost::shared_ptr<const nav_msgs::Odometry_<std::allocator<void> > >&[m[K’}
  175 |         return PeripheralsStatus::FCU_ODOM_exist([01;31m[K_msg[m[K);
      |                                                  [01;31m[K^~~~[m[K
      |                                                  [01;31m[K|[m[K
      |                                                  [01;31m[Kwfov_camera_msgs::WFOVImage_<std::allocator<void> >[m[K
[01m[K/home/pino/pino_ws/control_service/catkin_ws/src/peripherals_status/src/peripherals_status.cpp:254:75:[m[K [01;36m[Knote: [m[K  initializing argument 1 of ‘[01m[Kint PeripheralsStatus::FCU_ODOM_exist(const ConstPtr&)[m[K’
  254 | int PeripheralsStatus::FCU_ODOM_exist([01;36m[Kconst nav_msgs::Odometry::ConstPtr &msg[m[K)
      |                                       [01;36m[K~~~~~~~~~~~~~~~~~~~~~~~~~~~~~~~~~~~~^~~[m[K
[01m[K/home/pino/pino_ws/control_service/catkin_ws/src/peripherals_status/src/peripherals_status.cpp:179:49:[m[K [01;31m[Kerror: [m[Kcannot convert ‘[01m[Kwfov_camera_msgs::WFOVImage_<std::allocator<void> >[m[K’ to ‘[01m[Kconst ConstPtr&[m[K’ {aka ‘[01m[Kconst boost::shared_ptr<const sensor_msgs::MagneticField_<std::allocator<void> > >&[m[K’}
  179 |         return PeripheralsStatus::FCU_MAG_exist([01;31m[K_msg[m[K);
      |                                                 [01;31m[K^~~~[m[K
      |                                                 [01;31m[K|[m[K
      |                                                 [01;31m[Kwfov_camera_msgs::WFOVImage_<std::allocator<void> >[m[K
[01m[K/home/pino/pino_ws/control_service/catkin_ws/src/peripherals_status/src/peripherals_status.cpp:258:82:[m[K [01;36m[Knote: [m[K  initializing argument 1 of ‘[01m[Kint PeripheralsStatus::FCU_MAG_exist(const ConstPtr&)[m[K’
  258 | int PeripheralsStatus::FCU_MAG_exist([01;36m[Kconst sensor_msgs::MagneticField::ConstPtr &msg[m[K)
      |                                      [01;36m[K~~~~~~~~~~~~~~~~~~~~~~~~~~~~~~~~~~~~~~~~~~~~^~~[m[K
[01m[K/home/pino/pino_ws/control_service/catkin_ws/src/peripherals_status/src/peripherals_status.cpp:183:50:[m[K [01;31m[Kerror: [m[Kcannot convert ‘[01m[Kwfov_camera_msgs::WFOVImage_<std::allocator<void> >[m[K’ to ‘[01m[Kconst ConstPtr&[m[K’ {aka ‘[01m[Kconst boost::shared_ptr<const sensor_msgs::FluidPressure_<std::allocator<void> > >&[m[K’}
  183 |         return PeripheralsStatus::FCU_PRES_exist([01;31m[K_msg[m[K);
      |                                                  [01;31m[K^~~~[m[K
      |                                                  [01;31m[K|[m[K
      |                                                  [01;31m[Kwfov_camera_msgs::WFOVImage_<std::allocator<void> >[m[K
[01m[K/home/pino/pino_ws/control_service/catkin_ws/src/peripherals_status/src/peripherals_status.cpp:262:83:[m[K [01;36m[Knote: [m[K  initializing argument 1 of ‘[01m[Kint PeripheralsStatus::FCU_PRES_exist(const ConstPtr&)[m[K’
  262 | int PeripheralsStatus::FCU_PRES_exist([01;36m[Kconst sensor_msgs::FluidPressure::ConstPtr &msg[m[K)
      |                                       [01;36m[K~~~~~~~~~~~~~~~~~~~~~~~~~~~~~~~~~~~~~~~~~~~~^~~[m[K
[01m[K/home/pino/pino_ws/control_service/catkin_ws/src/peripherals_status/src/peripherals_status.cpp:187:49:[m[K [01;31m[Kerror: [m[Kcannot convert ‘[01m[Kwfov_camera_msgs::WFOVImage_<std::allocator<void> >[m[K’ to ‘[01m[Kconst ConstPtr&[m[K’ {aka ‘[01m[Kconst boost::shared_ptr<const sensor_msgs::BatteryState_<std::allocator<void> > >&[m[K’}
  187 |         return PeripheralsStatus::FCU_BAT_exist([01;31m[K_msg[m[K);
      |                                                 [01;31m[K^~~~[m[K
      |                                                 [01;31m[K|[m[K
      |                                                 [01;31m[Kwfov_camera_msgs::WFOVImage_<std::allocator<void> >[m[K
[01m[K/home/pino/pino_ws/control_service/catkin_ws/src/peripherals_status/src/peripherals_status.cpp:266:81:[m[K [01;36m[Knote: [m[K  initializing argument 1 of ‘[01m[Kint PeripheralsStatus::FCU_BAT_exist(const ConstPtr&)[m[K’
  266 | int PeripheralsStatus::FCU_BAT_exist([01;36m[Kconst sensor_msgs::BatteryState::ConstPtr &msg[m[K)
      |                                      [01;36m[K~~~~~~~~~~~~~~~~~~~~~~~~~~~~~~~~~~~~~~~~~~~^~~[m[K
[01m[K/home/pino/pino_ws/control_service/catkin_ws/src/peripherals_status/src/peripherals_status.cpp:203:49:[m[K [01;31m[Kerror: [m[Kcannot convert ‘[01m[Kwfov_camera_msgs::WFOVImage_<std::allocator<void> >[m[K’ to ‘[01m[Kconst ConstPtr&[m[K’ {aka ‘[01m[Kconst boost::shared_ptr<const mavros_msgs::GPSINPUT_<std::allocator<void> > >&[m[K’}
  203 |         return PeripheralsStatus::FCU_GPS_exist([01;31m[K_msg[m[K);
      |                                                 [01;31m[K^~~~[m[K
      |                                                 [01;31m[K|[m[K
      |                                                 [01;31m[Kwfov_camera_msgs::WFOVImage_<std::allocator<void> >[m[K
[01m[K/home/pino/pino_ws/control_service/catkin_ws/src/peripherals_status/src/peripherals_status.cpp:270:77:[m[K [01;36m[Knote: [m[K  initializing argument 1 of ‘[01m[Kint PeripheralsStatus::FCU_GPS_exist(const ConstPtr&)[m[K’
  270 | int PeripheralsStatus::FCU_GPS_exist([01;36m[Kconst mavros_msgs::GPSINPUT::ConstPtr &msg[m[K)
      |                                      [01;36m[K~~~~~~~~~~~~~~~~~~~~~~~~~~~~~~~~~~~~~~~^~~[m[K
make[2]: *** [CMakeFiles/peripherals_status.dir/build.make:63: CMakeFiles/peripherals_status.dir/src/peripherals_status.cpp.o] Error 1
make[1]: *** [CMakeFiles/Makefile2:576: CMakeFiles/peripherals_status.dir/all] Error 2
make: *** [Makefile:141: all] Error 2
