[01m[K/home/pino/pino_ws/control_service/catkin_ws/src/peripherals_status/src/peripherals_status.cpp:[m[K In function ‘[01m[Kint device_exist(message, int)[m[K’:
[01m[K/home/pino/pino_ws/control_service/catkin_ws/src/peripherals_status/src/peripherals_status.cpp:80:1:[m[K [01;35m[Kwarning: [m[Kno return statement in function returning non-void [[01;35m[K-Wreturn-type[m[K]
   80 | [01;35m[K}[m[K
      | [01;35m[K^[m[K
[01m[K/home/pino/pino_ws/control_service/catkin_ws/src/peripherals_status/src/peripherals_status.cpp:[m[K In function ‘[01m[Kint FLIR_exist(const ConstPtr&)[m[K’:
[01m[K/home/pino/pino_ws/control_service/catkin_ws/src/peripherals_status/src/peripherals_status.cpp:84:1:[m[K [01;35m[Kwarning: [m[Kno return statement in function returning non-void [[01;35m[K-Wreturn-type[m[K]
   84 | [01;35m[K}[m[K
      | [01;35m[K^[m[K
[01m[K/home/pino/pino_ws/control_service/catkin_ws/src/peripherals_status/src/peripherals_status.cpp:[m[K In function ‘[01m[Kint D455_exist(const ConstPtr&)[m[K’:
[01m[K/home/pino/pino_ws/control_service/catkin_ws/src/peripherals_status/src/peripherals_status.cpp:88:1:[m[K [01;35m[Kwarning: [m[Kno return statement in function returning non-void [[01;35m[K-Wreturn-type[m[K]
   88 | [01;35m[K}[m[K
      | [01;35m[K^[m[K
[01m[K/home/pino/pino_ws/control_service/catkin_ws/src/peripherals_status/src/peripherals_status.cpp:[m[K In function ‘[01m[Kint T265_exist(const ConstPtr&)[m[K’:
[01m[K/home/pino/pino_ws/control_service/catkin_ws/src/peripherals_status/src/peripherals_status.cpp:92:1:[m[K [01;35m[Kwarning: [m[Kno return statement in function returning non-void [[01;35m[K-Wreturn-type[m[K]
   92 | [01;35m[K}[m[K
      | [01;35m[K^[m[K
[01m[K/home/pino/pino_ws/control_service/catkin_ws/src/peripherals_status/src/peripherals_status.cpp:[m[K In function ‘[01m[Kint TERABEE_exist(const ConstPtr&)[m[K’:
[01m[K/home/pino/pino_ws/control_service/catkin_ws/src/peripherals_status/src/peripherals_status.cpp:96:1:[m[K [01;35m[Kwarning: [m[Kno return statement in function returning non-void [[01;35m[K-Wreturn-type[m[K]
   96 | [01;35m[K}[m[K
      | [01;35m[K^[m[K
[01m[K/home/pino/pino_ws/control_service/catkin_ws/src/peripherals_status/src/peripherals_status.cpp:[m[K In function ‘[01m[Kint RTK_exist(const ConstPtr&)[m[K’:
[01m[K/home/pino/pino_ws/control_service/catkin_ws/src/peripherals_status/src/peripherals_status.cpp:100:1:[m[K [01;35m[Kwarning: [m[Kno return statement in function returning non-void [[01;35m[K-Wreturn-type[m[K]
  100 | [01;35m[K}[m[K
      | [01;35m[K^[m[K
[01m[K/home/pino/pino_ws/control_service/catkin_ws/src/peripherals_status/src/peripherals_status.cpp:[m[K In function ‘[01m[Kint FCU_STATE_exist(const ConstPtr&)[m[K’:
[01m[K/home/pino/pino_ws/control_service/catkin_ws/src/peripherals_status/src/peripherals_status.cpp:104:1:[m[K [01;35m[Kwarning: [m[Kno return statement in function returning non-void [[01;35m[K-Wreturn-type[m[K]
  104 | [01;35m[K}[m[K
      | [01;35m[K^[m[K
[01m[K/home/pino/pino_ws/control_service/catkin_ws/src/peripherals_status/src/peripherals_status.cpp:[m[K In function ‘[01m[Kint FCU_IMU_exist(const ConstPtr&)[m[K’:
[01m[K/home/pino/pino_ws/control_service/catkin_ws/src/peripherals_status/src/peripherals_status.cpp:108:1:[m[K [01;35m[Kwarning: [m[Kno return statement in function returning non-void [[01;35m[K-Wreturn-type[m[K]
  108 | [01;35m[K}[m[K
      | [01;35m[K^[m[K
[01m[K/home/pino/pino_ws/control_service/catkin_ws/src/peripherals_status/src/peripherals_status.cpp:[m[K In function ‘[01m[Kint FCU_ODOM_exist(const ConstPtr&)[m[K’:
[01m[K/home/pino/pino_ws/control_service/catkin_ws/src/peripherals_status/src/peripherals_status.cpp:112:1:[m[K [01;35m[Kwarning: [m[Kno return statement in function returning non-void [[01;35m[K-Wreturn-type[m[K]
  112 | [01;35m[K}[m[K
      | [01;35m[K^[m[K
[01m[K/home/pino/pino_ws/control_service/catkin_ws/src/peripherals_status/src/peripherals_status.cpp:[m[K In function ‘[01m[Kint FCU_MAG_exist(const ConstPtr&)[m[K’:
[01m[K/home/pino/pino_ws/control_service/catkin_ws/src/peripherals_status/src/peripherals_status.cpp:116:1:[m[K [01;35m[Kwarning: [m[Kno return statement in function returning non-void [[01;35m[K-Wreturn-type[m[K]
  116 | [01;35m[K}[m[K
      | [01;35m[K^[m[K
[01m[K/home/pino/pino_ws/control_service/catkin_ws/src/peripherals_status/src/peripherals_status.cpp:[m[K In function ‘[01m[Kint FCU_PRES_exist(const ConstPtr&)[m[K’:
[01m[K/home/pino/pino_ws/control_service/catkin_ws/src/peripherals_status/src/peripherals_status.cpp:120:1:[m[K [01;35m[Kwarning: [m[Kno return statement in function returning non-void [[01;35m[K-Wreturn-type[m[K]
  120 | [01;35m[K}[m[K
      | [01;35m[K^[m[K
[01m[K/home/pino/pino_ws/control_service/catkin_ws/src/peripherals_status/src/peripherals_status.cpp:[m[K In function ‘[01m[Kint FCU_BAT_exist(const ConstPtr&)[m[K’:
[01m[K/home/pino/pino_ws/control_service/catkin_ws/src/peripherals_status/src/peripherals_status.cpp:124:1:[m[K [01;35m[Kwarning: [m[Kno return statement in function returning non-void [[01;35m[K-Wreturn-type[m[K]
  124 | [01;35m[K}[m[K
      | [01;35m[K^[m[K
[01m[K/home/pino/pino_ws/control_service/catkin_ws/src/peripherals_status/src/peripherals_status.cpp:[m[K In function ‘[01m[Kint FCU_GPS_exist(const ConstPtr&)[m[K’:
[01m[K/home/pino/pino_ws/control_service/catkin_ws/src/peripherals_status/src/peripherals_status.cpp:128:1:[m[K [01;35m[Kwarning: [m[Kno return statement in function returning non-void [[01;35m[K-Wreturn-type[m[K]
  128 | [01;35m[K}[m[K
      | [01;35m[K^[m[K
