[01m[K/home/pino/pino_ws/control_service/catkin_ws/src/peripherals_status/src/peripherals_status.cpp:[m[K In member function ‘[01m[Kint PeripheralsStatus::FLIR_exist(const ConstPtr&)[m[K’:
[01m[K/home/pino/pino_ws/control_service/catkin_ws/src/peripherals_status/src/peripherals_status.cpp:175:1:[m[K [01;35m[Kwarning: [m[Kno return statement in function returning non-void [[01;35m[K-Wreturn-type[m[K]
  175 | [01;35m[K}[m[K
      | [01;35m[K^[m[K
[01m[K/home/pino/pino_ws/control_service/catkin_ws/src/peripherals_status/src/peripherals_status.cpp:[m[K In member function ‘[01m[Kint PeripheralsStatus::D455_exist(const ConstPtr&)[m[K’:
[01m[K/home/pino/pino_ws/control_service/catkin_ws/src/peripherals_status/src/peripherals_status.cpp:179:1:[m[K [01;35m[Kwarning: [m[Kno return statement in function returning non-void [[01;35m[K-Wreturn-type[m[K]
  179 | [01;35m[K}[m[K
      | [01;35m[K^[m[K
[01m[K/home/pino/pino_ws/control_service/catkin_ws/src/peripherals_status/src/peripherals_status.cpp:[m[K In member function ‘[01m[Kint PeripheralsStatus::T265_exist(const ConstPtr&)[m[K’:
[01m[K/home/pino/pino_ws/control_service/catkin_ws/src/peripherals_status/src/peripherals_status.cpp:183:1:[m[K [01;35m[Kwarning: [m[Kno return statement in function returning non-void [[01;35m[K-Wreturn-type[m[K]
  183 | [01;35m[K}[m[K
      | [01;35m[K^[m[K
[01m[K/home/pino/pino_ws/control_service/catkin_ws/src/peripherals_status/src/peripherals_status.cpp:[m[K In member function ‘[01m[Kint PeripheralsStatus::TERABEE_exist(const ConstPtr&)[m[K’:
[01m[K/home/pino/pino_ws/control_service/catkin_ws/src/peripherals_status/src/peripherals_status.cpp:187:1:[m[K [01;35m[Kwarning: [m[Kno return statement in function returning non-void [[01;35m[K-Wreturn-type[m[K]
  187 | [01;35m[K}[m[K
      | [01;35m[K^[m[K
[01m[K/home/pino/pino_ws/control_service/catkin_ws/src/peripherals_status/src/peripherals_status.cpp:[m[K In member function ‘[01m[Kint PeripheralsStatus::RTK_exist(const ConstPtr&)[m[K’:
[01m[K/home/pino/pino_ws/control_service/catkin_ws/src/peripherals_status/src/peripherals_status.cpp:191:1:[m[K [01;35m[Kwarning: [m[Kno return statement in function returning non-void [[01;35m[K-Wreturn-type[m[K]
  191 | [01;35m[K}[m[K
      | [01;35m[K^[m[K
[01m[K/home/pino/pino_ws/control_service/catkin_ws/src/peripherals_status/src/peripherals_status.cpp:[m[K In member function ‘[01m[Kint PeripheralsStatus::FCU_STATE_exist(const ConstPtr&)[m[K’:
[01m[K/home/pino/pino_ws/control_service/catkin_ws/src/peripherals_status/src/peripherals_status.cpp:195:1:[m[K [01;35m[Kwarning: [m[Kno return statement in function returning non-void [[01;35m[K-Wreturn-type[m[K]
  195 | [01;35m[K}[m[K
      | [01;35m[K^[m[K
[01m[K/home/pino/pino_ws/control_service/catkin_ws/src/peripherals_status/src/peripherals_status.cpp:[m[K In member function ‘[01m[Kint PeripheralsStatus::FCU_IMU_exist(const ConstPtr&)[m[K’:
[01m[K/home/pino/pino_ws/control_service/catkin_ws/src/peripherals_status/src/peripherals_status.cpp:199:1:[m[K [01;35m[Kwarning: [m[Kno return statement in function returning non-void [[01;35m[K-Wreturn-type[m[K]
  199 | [01;35m[K}[m[K
      | [01;35m[K^[m[K
[01m[K/home/pino/pino_ws/control_service/catkin_ws/src/peripherals_status/src/peripherals_status.cpp:[m[K In member function ‘[01m[Kint PeripheralsStatus::FCU_ODOM_exist(const ConstPtr&)[m[K’:
[01m[K/home/pino/pino_ws/control_service/catkin_ws/src/peripherals_status/src/peripherals_status.cpp:203:1:[m[K [01;35m[Kwarning: [m[Kno return statement in function returning non-void [[01;35m[K-Wreturn-type[m[K]
  203 | [01;35m[K}[m[K
      | [01;35m[K^[m[K
[01m[K/home/pino/pino_ws/control_service/catkin_ws/src/peripherals_status/src/peripherals_status.cpp:[m[K In member function ‘[01m[Kint PeripheralsStatus::FCU_MAG_exist(const ConstPtr&)[m[K’:
[01m[K/home/pino/pino_ws/control_service/catkin_ws/src/peripherals_status/src/peripherals_status.cpp:207:1:[m[K [01;35m[Kwarning: [m[Kno return statement in function returning non-void [[01;35m[K-Wreturn-type[m[K]
  207 | [01;35m[K}[m[K
      | [01;35m[K^[m[K
[01m[K/home/pino/pino_ws/control_service/catkin_ws/src/peripherals_status/src/peripherals_status.cpp:[m[K In member function ‘[01m[Kint PeripheralsStatus::FCU_PRES_exist(const ConstPtr&)[m[K’:
[01m[K/home/pino/pino_ws/control_service/catkin_ws/src/peripherals_status/src/peripherals_status.cpp:211:1:[m[K [01;35m[Kwarning: [m[Kno return statement in function returning non-void [[01;35m[K-Wreturn-type[m[K]
  211 | [01;35m[K}[m[K
      | [01;35m[K^[m[K
[01m[K/home/pino/pino_ws/control_service/catkin_ws/src/peripherals_status/src/peripherals_status.cpp:[m[K In member function ‘[01m[Kint PeripheralsStatus::FCU_BAT_exist(const ConstPtr&)[m[K’:
[01m[K/home/pino/pino_ws/control_service/catkin_ws/src/peripherals_status/src/peripherals_status.cpp:215:1:[m[K [01;35m[Kwarning: [m[Kno return statement in function returning non-void [[01;35m[K-Wreturn-type[m[K]
  215 | [01;35m[K}[m[K
      | [01;35m[K^[m[K
[01m[K/home/pino/pino_ws/control_service/catkin_ws/src/peripherals_status/src/peripherals_status.cpp:[m[K In member function ‘[01m[Kint PeripheralsStatus::FCU_GPS_exist(const ConstPtr&)[m[K’:
[01m[K/home/pino/pino_ws/control_service/catkin_ws/src/peripherals_status/src/peripherals_status.cpp:219:1:[m[K [01;35m[Kwarning: [m[Kno return statement in function returning non-void [[01;35m[K-Wreturn-type[m[K]
  219 | [01;35m[K}[m[K
      | [01;35m[K^[m[K
