[35m[1mScanning dependencies of target peripherals_status[0m
[ 25%] [32mBuilding CXX object CMakeFiles/peripherals_status.dir/src/peripherals_status.cpp.o[0m
[01m[K/home/pino/pino_ws/control_service/catkin_ws/src/peripherals_status/src/peripherals_status.cpp:[m[K In function ‘[01m[Kint device_exist(message, int)[m[K’:
[01m[K/home/pino/pino_ws/control_service/catkin_ws/src/peripherals_status/src/peripherals_status.cpp:80:1:[m[K [01;35m[Kwarning: [m[Kno return statement in function returning non-void [[01;35m[K-Wreturn-type[m[K]
   80 | [01;35m[K}[m[K
      | [01;35m[K^[m[K
[01m[K/home/pino/pino_ws/control_service/catkin_ws/src/peripherals_status/src/peripherals_status.cpp:[m[K In function ‘[01m[Kint FLIR_exist(const ConstPtr&)[m[K’:
[01m[K/home/pino/pino_ws/control_service/catkin_ws/src/peripherals_status/src/peripherals_status.cpp:84:1:[m[K [01;35m[Kwarning: [m[Kno return statement in function returning non-void [[01;35m[K-Wreturn-type[m[K]
   84 | [01;35m[K}[m[K
      | [01;35m[K^[m[K
[01m[K/home/pino/pino_ws/control_service/catkin_ws/src/peripherals_status/src/peripherals_status.cpp:[m[K In function ‘[01m[Kint D455_exist(const ConstPtr&)[m[K’:
[01m[K/home/pino/pino_ws/control_service/catkin_ws/src/peripherals_status/src/peripherals_status.cpp:88:1:[m[K [01;35m[Kwarning: [m[Kno return statement in function returning non-void [[01;35m[K-Wreturn-type[m[K]
   88 | [01;35m[K}[m[K
      | [01;35m[K^[m[K
[01m[K/home/pino/pino_ws/control_service/catkin_ws/src/peripherals_status/src/peripherals_status.cpp:[m[K In function ‘[01m[Kint T265_exist(const ConstPtr&)[m[K’:
[01m[K/home/pino/pino_ws/control_service/catkin_ws/src/peripherals_status/src/peripherals_status.cpp:92:1:[m[K [01;35m[Kwarning: [m[Kno return statement in function returning non-void [[01;35m[K-Wreturn-type[m[K]
   92 | [01;35m[K}[m[K
      | [01;35m[K^[m[K
[ 50%] [32m[1mLinking CXX shared library /home/pino/pino_ws/control_service/catkin_ws/devel/.private/peripherals_status/lib/libperipherals_status.so[0m
[ 50%] Built target peripherals_status
[35m[1mScanning dependencies of target automatic[0m
[ 75%] [32mBuilding CXX object CMakeFiles/automatic.dir/src/automatic.cpp.o[0m
[100%] [32m[1mLinking CXX executable /home/pino/pino_ws/control_service/catkin_ws/devel/.private/peripherals_status/lib/peripherals_status/automatic[0m
[100%] Built target automatic
