[01m[K/home/pino/pino_ws/control_service/catkin_ws/src/peripherals_status/src/peripherals_status.cpp:[m[K In member function ‘[01m[Kbool PeripheralsStatus::RTK_exist(const ConstPtr&)[m[K’:
[01m[K/home/pino/pino_ws/control_service/catkin_ws/src/peripherals_status/src/peripherals_status.cpp:370:1:[m[K [01;35m[Kwarning: [m[Kno return statement in function returning non-void [[01;35m[K-Wreturn-type[m[K]
  370 | [01;35m[K}[m[K
      | [01;35m[K^[m[K
[01m[K/home/pino/pino_ws/control_service/catkin_ws/src/peripherals_status/src/peripherals_status.cpp:[m[K In member function ‘[01m[Kbool PeripheralsStatus::FCU_PRES_exist(const ConstPtr&)[m[K’:
[01m[K/home/pino/pino_ws/control_service/catkin_ws/src/peripherals_status/src/peripherals_status.cpp:410:61:[m[K [01;31m[Kerror: [m[Kinvalid initialization of reference of type ‘[01m[Kconst FluidPressure&[m[K’ {aka ‘[01m[Kconst sensor_msgs::FluidPressure_<std::allocator<void> >&[m[K’} from expression of type ‘[01m[Kconst _fluid_pressure_type[m[K’ {aka ‘[01m[Kconst double[m[K’}
  410 |     const sensor_msgs::FluidPressure &fluid_pressure = [01;31m[Kmsg->fluid_pressure[m[K;
      |                                                        [01;31m[K~~~~~^~~~~~~~~~~~~~[m[K
[01m[K/home/pino/pino_ws/control_service/catkin_ws/src/peripherals_status/src/peripherals_status.cpp:[m[K In member function ‘[01m[Kbool PeripheralsStatus::FCU_BAT_exist(const ConstPtr&)[m[K’:
[01m[K/home/pino/pino_ws/control_service/catkin_ws/src/peripherals_status/src/peripherals_status.cpp:417:31:[m[K [01;31m[Kerror: [m[K‘[01m[Kconst ConstPtr[m[K’ {aka ‘[01m[Kconst class boost::shared_ptr<const sensor_msgs::BatteryState_<std::allocator<void> > >[m[K’} has no member named ‘[01m[Kvoltage[m[K’
  417 |     bool voltage_check = (msg.[01;31m[Kvoltage[m[K > min_voltage && msg.voltage < max_voltage);
      |                               [01;31m[K^~~~~~~[m[K
[01m[K/home/pino/pino_ws/control_service/catkin_ws/src/peripherals_status/src/peripherals_status.cpp:417:60:[m[K [01;31m[Kerror: [m[K‘[01m[Kconst ConstPtr[m[K’ {aka ‘[01m[Kconst class boost::shared_ptr<const sensor_msgs::BatteryState_<std::allocator<void> > >[m[K’} has no member named ‘[01m[Kvoltage[m[K’
  417 |     bool voltage_check = (msg.voltage > min_voltage && msg.[01;31m[Kvoltage[m[K < max_voltage);
      |                                                            [01;31m[K^~~~~~~[m[K
[01m[K/home/pino/pino_ws/control_service/catkin_ws/src/peripherals_status/src/peripherals_status.cpp:418:34:[m[K [01;31m[Kerror: [m[K‘[01m[Kconst ConstPtr[m[K’ {aka ‘[01m[Kconst class boost::shared_ptr<const sensor_msgs::BatteryState_<std::allocator<void> > >[m[K’} has no member named ‘[01m[Kpercentage[m[K’
  418 |     bool percentage_check = (msg.[01;31m[Kpercentage[m[K > min_percentage && msg.percentage < max_percentage);
      |                                  [01;31m[K^~~~~~~~~~[m[K
[01m[K/home/pino/pino_ws/control_service/catkin_ws/src/peripherals_status/src/peripherals_status.cpp:418:69:[m[K [01;31m[Kerror: [m[K‘[01m[Kconst ConstPtr[m[K’ {aka ‘[01m[Kconst class boost::shared_ptr<const sensor_msgs::BatteryState_<std::allocator<void> > >[m[K’} has no member named ‘[01m[Kpercentage[m[K’
  418 |     bool percentage_check = (msg.percentage > min_percentage && msg.[01;31m[Kpercentage[m[K < max_percentage);
      |                                                                     [01;31m[K^~~~~~~~~~[m[K
make[2]: *** [CMakeFiles/peripherals_status.dir/build.make:63: CMakeFiles/peripherals_status.dir/src/peripherals_status.cpp.o] Error 1
make[1]: *** [CMakeFiles/Makefile2:576: CMakeFiles/peripherals_status.dir/all] Error 2
make: *** [Makefile:141: all] Error 2
